<?xml version="1.0" encoding="UTF-8"?>
<!-- Generated by org.testng.reporters.JUnitReportReporter -->
<testsuite name="MyRunner.TestRunner" tests="1" time="8.399" ignored="0" failures="0" timestamp="04 May 2020 14:09:32 GMT" skipped="0" hostname="Nitins-MacBook-Pro.local" errors="0">
  <testcase name="feature" time="8.399" classname="MyRunner.TestRunner"/>
</testsuite> <!-- MyRunner.TestRunner -->
