<?xml version="1.0" encoding="UTF-8"?>
<!-- Generated by org.testng.reporters.JUnitReportReporter -->
<testsuite name="test.testing" tests="1" time="0.004" ignored="0" failures="0" timestamp="21 Apr 2020 09:58:29 GMT" skipped="0" hostname="Nitins-MacBook-Pro.local" errors="0">
  <testcase name="testExecution" time="0.004" classname="test.testing"/>
</testsuite> <!-- test.testing -->
