<?xml version="1.0" encoding="UTF-8"?>
<!-- Generated by org.testng.reporters.JUnitReportReporter -->
<testsuite name="test.day4" tests="3" time="0.005" ignored="3" failures="0" timestamp="21 Apr 2020 08:15:05 GMT" skipped="0" hostname="Nitins-MacBook-Pro.local" errors="0">
  <testcase name="MobileLoginHomeLoan" time="0.002" classname="test.day4"/>
  <testcase name="WebloginHomeLoan" time="0.001" classname="test.day4"/>
  <testcase name="LoginAPIHomeLoan" time="0.002" classname="test.day4"/>
  <testcase name="SecondTest" classname="test.day1">
    <skipped/>
  </testcase> <!-- SecondTest -->
  <testcase name="APIcarLoan" classname="test.day3">
    <skipped/>
  </testcase> <!-- APIcarLoan -->
  <testcase name="MobilesignimcarLoan" classname="test.day3">
    <skipped/>
  </testcase> <!-- MobilesignimcarLoan -->
</testsuite> <!-- test.day4 -->
