<?xml version="1.0" encoding="UTF-8"?>
<!-- Generated by org.testng.reporters.JUnitReportReporter -->
<testsuite name="test.day2" tests="1" time="0.003" ignored="3" failures="0" timestamp="21 Apr 2020 08:15:05 GMT" skipped="0" hostname="Nitins-MacBook-Pro.local" errors="0">
  <testcase name="ploan" time="0.003" classname="test.day2"/>
  <testcase name="SecondTest" classname="test.day1">
    <skipped/>
  </testcase> <!-- SecondTest -->
  <testcase name="APIcarLoan" classname="test.day3">
    <skipped/>
  </testcase> <!-- APIcarLoan -->
  <testcase name="MobilesignimcarLoan" classname="test.day3">
    <skipped/>
  </testcase> <!-- MobilesignimcarLoan -->
</testsuite> <!-- test.day2 -->
