<?xml version="1.0" encoding="UTF-8"?>
<!-- Generated by org.testng.reporters.JUnitReportReporter -->
<testsuite name="test.day3" tests="5" time="0.015" ignored="3" failures="0" timestamp="21 Apr 2020 08:15:05 GMT" skipped="0" hostname="Nitins-MacBook-Pro.local" errors="0">
  <testcase name="MobilesignoutcarLoan" time="0.003" classname="test.day3"/>
  <testcase name="MobileLogincarLoan" time="0.006" classname="test.day3"/>
  <testcase name="MobilesignoutcarLoan" time="0.003" classname="test.day3"/>
  <testcase name="WebloginCarLoan" time="0.001" classname="test.day3"/>
  <testcase name="MobilesignoutcarLoan" time="0.002" classname="test.day3"/>
  <testcase name="SecondTest" classname="test.day1">
    <skipped/>
  </testcase> <!-- SecondTest -->
  <testcase name="APIcarLoan" classname="test.day3">
    <skipped/>
  </testcase> <!-- APIcarLoan -->
  <testcase name="MobilesignimcarLoan" classname="test.day3">
    <skipped/>
  </testcase> <!-- MobilesignimcarLoan -->
</testsuite> <!-- test.day3 -->
